ELF Header:
  Magic:   7f 45 4c 46 01 01 01 00 00 00 00 00 00 00 00 00 
  Class:                             ELF32
  Data:                              2's complement, little endian
  Version:                           1 (current)
  OS/ABI:                            UNIX - System V
  ABI Version:                       0
  Type:                              EXEC (Executable file)
  Machine:                           ARM
  Version:                           0x1
  Entry point address:               0x0
  Start of program headers:          16396 (bytes into file)
  Start of section headers:          16460 (bytes into file)
  Flags:                             0x5000200, Version5 EABI, soft-float ABI
  Size of this header:               52 (bytes)
  Size of program headers:           32 (bytes)
  Number of program headers:         2
  Size of section headers:           40 (bytes)
  Number of section headers:         16
  Section header string table index: 15

Section Headers:
  [Nr] Name              Type            Addr     Off    Size   ES Flg Lk Inf Al
  [ 0]                   NULL            00000000 000000 000000 00      0   0  0
  [ 1] PrgCode           PROGBITS        00000000 000034 0003dc 00  AX  0   0  4
  [ 2] PrgData           PROGBITS        000003dc 000410 000004 00  WA  0   0  4
  [ 3] DevDscr           PROGBITS        000003e0 000414 0010a0 00   A  0   0  4
  [ 4] .debug_abbrev     PROGBITS        00000000 0014b4 0005a4 00      0   0  1
  [ 5] .debug_frame      PROGBITS        00000000 001a58 000150 00      0   0  1
  [ 6] .debug_info       PROGBITS        00000000 001ba8 000a88 00      0   0  1
  [ 7] .debug_line       PROGBITS        00000000 002630 0003c8 00      0   0  1
  [ 8] .debug_loc        PROGBITS        00000000 0029f8 0001e8 00      0   0  1
  [ 9] .debug_macinfo    PROGBITS        00000000 002be0 000bc8 00      0   0  1
  [10] .debug_pubnames   PROGBITS        00000000 0037a8 00007e 00      0   0  1
  [11] .symtab           SYMTAB          00000000 003828 000110 10     12   9  4
  [12] .strtab           STRTAB          00000000 003938 000118 00      0   0  1
  [13] .note             NOTE            00000000 003a50 00001c 00      0   0  4
  [14] .comment          PROGBITS        00000000 003a6c 000500 00      0   0  1
  [15] .shstrtab         STRTAB          00000000 003f6c 0000a0 00      0   0  1
Key to Flags:
  W (write), A (alloc), X (execute), M (merge), S (strings), I (info),
  L (link order), O (extra OS processing required), G (group), T (TLS),
  C (compressed), x (unknown), o (OS specific), E (exclude),
  y (purecode), p (processor specific)

There are no section groups in this file.

Program Headers:
  Type           Offset   VirtAddr   PhysAddr   FileSiz MemSiz  Flg Align
  LOAD           0x000034 0x00000000 0x00000000 0x003e0 0x003e0 RWE 0x4
  LOAD           0x000414 0x000003e0 0x000003e0 0x010a0 0x010a0 R   0x4

 Section to Segment mapping:
  Segment Sections...
   00     PrgCode PrgData 
   01     DevDscr 

There is no dynamic section in this file.

There are no relocations in this file.

There are no unwind sections in this file.

Symbol table '.symtab' contains 17 entries:
   Num:    Value  Size Type    Bind   Vis      Ndx Name
     0: 00000000     0 NOTYPE  LOCAL  DEFAULT  UND 
     1: 00000000     0 NOTYPE  LOCAL  DEFAULT    1 $t
     2: 000003c4     0 NOTYPE  LOCAL  DEFAULT    1 $d
     3: 000003dc     0 NOTYPE  LOCAL  DEFAULT    2 $d.realdata
     4: 000003e0     0 NOTYPE  LOCAL  DEFAULT    3 $d.realdata
     5: 00000000     0 FILE    LOCAL  DEFAULT  ABS FlashPrg.c
     6: 00000000     0 SECTION LOCAL  DEFAULT    1 .text
     7: 00000000     0 FILE    LOCAL  DEFAULT  ABS FlashDev.c
     8: 000003e0  4256 SECTION LOCAL  DEFAULT    3 .constdata
     9: 00000000     0 NOTYPE  GLOBAL HIDDEN   ABS BuildAttributes$[...]
    10: 00000001     6 FUNC    GLOBAL HIDDEN     1 DSB
    11: 00000007    94 FUNC    GLOBAL HIDDEN     1 Init
    12: 00000065    32 FUNC    GLOBAL HIDDEN     1 UnInit
    13: 00000085   210 FUNC    GLOBAL HIDDEN     1 EraseChip
    14: 00000157   268 FUNC    GLOBAL HIDDEN     1 EraseSector
    15: 00000263   354 FUNC    GLOBAL HIDDEN     1 ProgramPage
    16: 000003e0  4256 OBJECT  GLOBAL HIDDEN     3 FlashDevice

No version information found in this file.

Displaying notes found in: .note
  Owner                Data size 	Description
  ARM                  0x0000000c	Unknown note type: (0x40000000)
   description data: 00 00 00 00 00 00 00 00 01 00 00 00 
